<?xml version="1.0" encoding="UTF-8"?>
<testsuite xmlns:xsi="http://www.w3.org/2001/XMLSchema-instance" xsi:noNamespaceSchemaLocation="https://maven.apache.org/surefire/maven-surefire-plugin/xsd/surefire-test-report.xsd" name="htron.AppTest" time="4.114" tests="2" errors="1" skipped="0" failures="0">
  <properties>
    <property name="java.specification.version" value="17"/>
    <property name="sun.jnu.encoding" value="UTF-8"/>
    <property name="java.class.path" value="/Users/hectorwilliams/Dev/simply-apps/simply-apps-maven/target/test-classes:/Users/hectorwilliams/Dev/simply-apps/simply-apps-maven/target/classes:/Users/hectorwilliams/.m2/repository/junit/junit/4.11/junit-4.11.jar:/Users/hectorwilliams/.m2/repository/org/hamcrest/hamcrest-core/1.3/hamcrest-core-1.3.jar:/Users/hectorwilliams/.m2/repository/org/json/json/20230618/json-20230618.jar:/Users/hectorwilliams/.m2/repository/com/mysql/mysql-connector-j/8.1.0/mysql-connector-j-8.1.0.jar:/Users/hectorwilliams/.m2/repository/com/google/protobuf/protobuf-java/3.21.9/protobuf-java-3.21.9.jar:/Users/hectorwilliams/.m2/repository/org/apache/maven/plugins/maven-jar-plugin/3.3.0/maven-jar-plugin-3.3.0.jar:/Users/hectorwilliams/.m2/repository/org/apache/maven/shared/file-management/3.1.0/file-management-3.1.0.jar:/Users/hectorwilliams/.m2/repository/org/slf4j/slf4j-api/1.7.36/slf4j-api-1.7.36.jar:/Users/hectorwilliams/.m2/repository/commons-io/commons-io/2.11.0/commons-io-2.11.0.jar:/Users/hectorwilliams/.m2/repository/org/apache/maven/maven-archiver/3.6.0/maven-archiver-3.6.0.jar:/Users/hectorwilliams/.m2/repository/org/codehaus/plexus/plexus-io/3.4.0/plexus-io-3.4.0.jar:/Users/hectorwilliams/.m2/repository/javax/inject/javax.inject/1/javax.inject-1.jar:/Users/hectorwilliams/.m2/repository/org/codehaus/plexus/plexus-archiver/4.4.0/plexus-archiver-4.4.0.jar:/Users/hectorwilliams/.m2/repository/org/apache/commons/commons-compress/1.21/commons-compress-1.21.jar:/Users/hectorwilliams/.m2/repository/org/iq80/snappy/snappy/0.4/snappy-0.4.jar:/Users/hectorwilliams/.m2/repository/org/tukaani/xz/1.9/xz-1.9.jar:/Users/hectorwilliams/.m2/repository/org/codehaus/plexus/plexus-interpolation/1.26/plexus-interpolation-1.26.jar:/Users/hectorwilliams/.m2/repository/org/codehaus/plexus/plexus-utils/3.4.2/plexus-utils-3.4.2.jar:"/>
    <property name="java.vm.vendor" value="Oracle Corporation"/>
    <property name="sun.arch.data.model" value="64"/>
    <property name="java.vendor.url" value="https://java.oracle.com/"/>
    <property name="os.name" value="Mac OS X"/>
    <property name="java.vm.specification.version" value="17"/>
    <property name="sun.java.launcher" value="SUN_STANDARD"/>
    <property name="user.country" value="US"/>
    <property name="sun.boot.library.path" value="/Library/Java/JavaVirtualMachines/jdk-17.jdk/Contents/Home/lib"/>
    <property name="sun.java.command" value="/Users/hectorwilliams/Dev/simply-apps/simply-apps-maven/target/surefire/surefirebooter7106474914278389203.jar /Users/hectorwilliams/Dev/simply-apps/simply-apps-maven/target/surefire 2024-01-08T11-32-09_212-jvmRun1 surefire17228918942067450578tmp surefire_04915026408049535540tmp"/>
    <property name="http.nonProxyHosts" value="local|*.local|169.254/16|*.169.254/16"/>
    <property name="jdk.debug" value="release"/>
    <property name="surefire.test.class.path" value="/Users/hectorwilliams/Dev/simply-apps/simply-apps-maven/target/test-classes:/Users/hectorwilliams/Dev/simply-apps/simply-apps-maven/target/classes:/Users/hectorwilliams/.m2/repository/junit/junit/4.11/junit-4.11.jar:/Users/hectorwilliams/.m2/repository/org/hamcrest/hamcrest-core/1.3/hamcrest-core-1.3.jar:/Users/hectorwilliams/.m2/repository/org/json/json/20230618/json-20230618.jar:/Users/hectorwilliams/.m2/repository/com/mysql/mysql-connector-j/8.1.0/mysql-connector-j-8.1.0.jar:/Users/hectorwilliams/.m2/repository/com/google/protobuf/protobuf-java/3.21.9/protobuf-java-3.21.9.jar:/Users/hectorwilliams/.m2/repository/org/apache/maven/plugins/maven-jar-plugin/3.3.0/maven-jar-plugin-3.3.0.jar:/Users/hectorwilliams/.m2/repository/org/apache/maven/shared/file-management/3.1.0/file-management-3.1.0.jar:/Users/hectorwilliams/.m2/repository/org/slf4j/slf4j-api/1.7.36/slf4j-api-1.7.36.jar:/Users/hectorwilliams/.m2/repository/commons-io/commons-io/2.11.0/commons-io-2.11.0.jar:/Users/hectorwilliams/.m2/repository/org/apache/maven/maven-archiver/3.6.0/maven-archiver-3.6.0.jar:/Users/hectorwilliams/.m2/repository/org/codehaus/plexus/plexus-io/3.4.0/plexus-io-3.4.0.jar:/Users/hectorwilliams/.m2/repository/javax/inject/javax.inject/1/javax.inject-1.jar:/Users/hectorwilliams/.m2/repository/org/codehaus/plexus/plexus-archiver/4.4.0/plexus-archiver-4.4.0.jar:/Users/hectorwilliams/.m2/repository/org/apache/commons/commons-compress/1.21/commons-compress-1.21.jar:/Users/hectorwilliams/.m2/repository/org/iq80/snappy/snappy/0.4/snappy-0.4.jar:/Users/hectorwilliams/.m2/repository/org/tukaani/xz/1.9/xz-1.9.jar:/Users/hectorwilliams/.m2/repository/org/codehaus/plexus/plexus-interpolation/1.26/plexus-interpolation-1.26.jar:/Users/hectorwilliams/.m2/repository/org/codehaus/plexus/plexus-utils/3.4.2/plexus-utils-3.4.2.jar:"/>
    <property name="sun.cpu.endian" value="little"/>
    <property name="user.home" value="/Users/hectorwilliams"/>
    <property name="user.language" value="en"/>
    <property name="java.specification.vendor" value="Oracle Corporation"/>
    <property name="java.version.date" value="2023-10-17"/>
    <property name="java.home" value="/Library/Java/JavaVirtualMachines/jdk-17.jdk/Contents/Home"/>
    <property name="file.separator" value="/"/>
    <property name="basedir" value="/Users/hectorwilliams/Dev/simply-apps/simply-apps-maven"/>
    <property name="java.vm.compressedOopsMode" value="Zero based"/>
    <property name="line.separator" value="&#10;"/>
    <property name="java.specification.name" value="Java Platform API Specification"/>
    <property name="java.vm.specification.vendor" value="Oracle Corporation"/>
    <property name="surefire.real.class.path" value="/Users/hectorwilliams/Dev/simply-apps/simply-apps-maven/target/surefire/surefirebooter7106474914278389203.jar"/>
    <property name="sun.management.compiler" value="HotSpot 64-Bit Tiered Compilers"/>
    <property name="ftp.nonProxyHosts" value="local|*.local|169.254/16|*.169.254/16"/>
    <property name="java.runtime.version" value="17.0.9+11-LTS-201"/>
    <property name="user.name" value="hectorwilliams"/>
    <property name="path.separator" value=":"/>
    <property name="os.version" value="14.1.1"/>
    <property name="java.runtime.name" value="Java(TM) SE Runtime Environment"/>
    <property name="file.encoding" value="UTF-8"/>
    <property name="java.vm.name" value="Java HotSpot(TM) 64-Bit Server VM"/>
    <property name="localRepository" value="/Users/hectorwilliams/.m2/repository"/>
    <property name="java.vendor.url.bug" value="https://bugreport.java.com/bugreport/"/>
    <property name="java.io.tmpdir" value="/var/folders/hy/3qzv31f96yjct5f553yp1drw0000gn/T/"/>
    <property name="java.version" value="17.0.9"/>
    <property name="user.dir" value="/Users/hectorwilliams/Dev/simply-apps/simply-apps-maven"/>
    <property name="os.arch" value="x86_64"/>
    <property name="java.vm.specification.name" value="Java Virtual Machine Specification"/>
    <property name="native.encoding" value="UTF-8"/>
    <property name="java.library.path" value="/Users/hectorwilliams/Library/Java/Extensions:/Library/Java/Extensions:/Network/Library/Java/Extensions:/System/Library/Java/Extensions:/usr/lib/java:."/>
    <property name="java.vm.info" value="mixed mode, sharing"/>
    <property name="java.vendor" value="Oracle Corporation"/>
    <property name="java.vm.version" value="17.0.9+11-LTS-201"/>
    <property name="sun.io.unicode.encoding" value="UnicodeBig"/>
    <property name="socksNonProxyHosts" value="local|*.local|169.254/16|*.169.254/16"/>
    <property name="java.class.version" value="61.0"/>
  </properties>
  <testcase name="shouldAnswerWithTrue" classname="htron.AppTest" time="0.002"/>
  <testcase name="appOpens" classname="htron.AppTest" time="4.057">
    <error type="java.lang.NullPointerException">java.lang.NullPointerException
	at htron.AppTest.appOpens(AppTest.java:23)
</error>
    <system-out><![CDATA[/Users/hectorwilliams/Dev/simply-apps/simply-apps-maven/target/test-classes	temp
/Users/hectorwilliams/Dev/simply-apps/simply-apps-maven/target/test-classes/assets/Weather/temp.png
/Users/hectorwilliams/Dev/simply-apps/simply-apps-maven/target/test-classes	humid
/Users/hectorwilliams/Dev/simply-apps/simply-apps-maven/target/test-classes/assets/Weather/humid.png
/Users/hectorwilliams/Dev/simply-apps/simply-apps-maven/target/test-classes	percip
/Users/hectorwilliams/Dev/simply-apps/simply-apps-maven/target/test-classes/assets/Weather/percip.png
/Users/hectorwilliams/Dev/simply-apps/simply-apps-maven/target/test-classes	wind
/Users/hectorwilliams/Dev/simply-apps/simply-apps-maven/target/test-classes/assets/Weather/wind.png
/Users/hectorwilliams/Dev/simply-apps/simply-apps-maven/target/test-classes	cloud
/Users/hectorwilliams/Dev/simply-apps/simply-apps-maven/target/test-classes/assets/Weather/cloud.png
/Users/hectorwilliams/Dev/simply-apps/simply-apps-maven/target/test-classes	pressure
/Users/hectorwilliams/Dev/simply-apps/simply-apps-maven/target/test-classes/assets/Weather/pressure.png
]]></system-out>
  </testcase>
</testsuite>